/h/opent03/.conda/envs/dis/bin/python
Write TPRs?  True
Algorithm: DK-MMD
Dataset: cifar10

PCA explained variance ratio:  0.9999999999999997
n:1000	 d: 20
Epsilon: -24.681725
No DK-MMD weights saved. Training...
mmd:  -0.015325907617807388 mmd_std:  0.053449470549821854 Statistic:  -0.2867363691329956
mmd:  0.0001251549256267026 mmd_std:  0.002637032652273774 Statistic:  0.047460515052080154
mmd:  0.003424745751544833 mmd_std:  0.013317793607711792 Statistic:  0.2571556270122528
mmd:  -1.8100956822308945e-06 mmd_std:  0.00015780102694407105 Statistic:  -0.01147074718028307
mmd:  5.2574648634617915e-08 mmd_std:  0.00015780102694407105 Statistic:  0.0003331705229356885
Done training!
No checkpoint found, starting fresh instance.
Running permutation tests for mmd
/h/opent03/.conda/envs/dis/bin/python
Write TPRs?  True
Algorithm: DK-MMD
Dataset: cifar10

PCA explained variance ratio:  0.9999999999999997
n:1000	 d: 20
Epsilon: -23.213753
No DK-MMD weights saved. Training...
mmd:  0.00799817405641079 mmd_std:  0.0322650745511055 Statistic:  0.24788953363895416
mmd:  0.0015047012129798532 mmd_std:  0.012875190004706383 Statistic:  0.1168682724237442
mmd:  0.015340172685682774 mmd_std:  0.025827225297689438 Statistic:  0.593953549861908
mmd:  0.014532920904457569 mmd_std:  0.0439874529838562 Statistic:  0.3303878605365753
mmd:  0.013133800588548183 mmd_std:  0.030780283734202385 Statistic:  0.42669522762298584
Done training!
No checkpoint found, starting fresh instance.
Running permutation tests for mmd
