/h/opent03/.conda/envs/dis/bin/python
Algorithm: DK-MMD
Dataset: cifar10

PCA explained variance ratio:  0.8065923235518608
Distribution oracles provided. Will be using oracles instead of samples.
n:2000	 d: 20
Epsilon: -23.391865
No DK-MMD weights saved. Training...
error_var!!tensor(0.0039, device='cuda:0', grad_fn=<DivBackward0>)
mmd:  0.00018830568296834826 mmd_std:  0.0005616705748252571 Statistic:  0.3352600038051605
error_var!!tensor(0.0039, device='cuda:0', grad_fn=<DivBackward0>)
error_var!!tensor(0.0039, device='cuda:0', grad_fn=<DivBackward0>)
mmd:  0.004804999101907015 mmd_std:  0.023599280044436455 Statistic:  0.20360787212848663
mmd:  0.0013838110025972128 mmd_std:  0.008334971964359283 Statistic:  0.16602467000484467
mmd:  0.0003962733899243176 mmd_std:  0.0029313936829566956 Statistic:  0.13518258929252625
mmd:  0.0018066356424242258 mmd_std:  0.006692939437925816 Statistic:  0.2699315547943115
Done training!
No checkpoint found, starting fresh instance.
Running permutation tests for mmd
/h/opent03/.conda/envs/dis/bin/python
Algorithm: DK-MMD
Dataset: cifar10

PCA explained variance ratio:  0.8065923235518608
n:2000	 d: 20
Epsilon: -26.200722
No DK-MMD weights saved. Training...
error_var!!tensor(0.0039, device='cuda:0', grad_fn=<DivBackward0>)
error_var!!tensor(0.0039, device='cuda:0', grad_fn=<DivBackward0>)
error_var!!tensor(0.0039, device='cuda:0', grad_fn=<DivBackward0>)
error_var!!tensor(0.0039, device='cuda:0', grad_fn=<DivBackward0>)
error_var!!tensor(0.0039, device='cuda:0', grad_fn=<DivBackward0>)
error_var!!tensor(0.0039, device='cuda:0', grad_fn=<DivBackward0>)
error_var!!tensor(0.0156, device='cuda:0', grad_fn=<DivBackward0>)
mmd:  2.0509280147962272e-05 mmd_std:  9.999999747378752e-05 Statistic:  0.20509280264377594
error_var!!tensor(0.0039, device='cuda:0', grad_fn=<DivBackward0>)
error_var!!tensor(0.0039, device='cuda:0', grad_fn=<DivBackward0>)
error_var!!tensor(0.0039, device='cuda:0', grad_fn=<DivBackward0>)
error_var!!tensor(0.0039, device='cuda:0', grad_fn=<DivBackward0>)
error_var!!tensor(0.0039, device='cuda:0', grad_fn=<DivBackward0>)
error_var!!tensor(0.0039, device='cuda:0', grad_fn=<DivBackward0>)
error_var!!tensor(0.0039, device='cuda:0', grad_fn=<DivBackward0>)
error_var!!tensor(0.0156, device='cuda:0', grad_fn=<DivBackward0>)
error_var!!tensor(0.0156, device='cuda:0', grad_fn=<DivBackward0>)
error_var!!tensor(0.0156, device='cuda:0', grad_fn=<DivBackward0>)
mmd:  0.0009356837254017591 mmd_std:  0.0030387199949473143 Statistic:  0.30792033672332764
mmd:  0.0014143305597826838 mmd_std:  0.004079178441315889 Statistic:  0.3467194736003876
error_var!!tensor(0.0156, device='cuda:0', grad_fn=<DivBackward0>)
mmd:  -0.0006143487407825887 mmd_std:  0.003341185161843896 Statistic:  -0.18387150764465332
mmd:  -0.0001495178003096953 mmd_std:  0.004285817500203848 Statistic:  -0.03488664701581001
Done training!
No checkpoint found, starting fresh instance.
Running permutation tests for mmd
/h/opent03/.conda/envs/dis/bin/python
Algorithm: DK-MMD
Dataset: cifar10

PCA explained variance ratio:  0.8065923235518608
n:1000	 d: 20
Epsilon: -23.030355
No DK-MMD weights saved. Training...
mmd:  -1.0683616658013761e-08 mmd_std:  0.00015780102694407105 Statistic:  -6.770308391423896e-05
mmd:  -0.0004501912626437843 mmd_std:  0.002070418559014797 Statistic:  -0.21743974089622498
mmd:  0.000641687773168087 mmd_std:  0.0017031808383762836 Statistic:  0.3767584562301636
mmd:  -0.00013494772429112345 mmd_std:  0.0002906988374888897 Statistic:  -0.4642183184623718
mmd:  9.387549653183669e-06 mmd_std:  9.999999747378752e-05 Statistic:  0.09387549757957458
Done training!
No checkpoint found, starting fresh instance.
Running permutation tests for mmd
