/h/opent03/.conda/envs/dis/bin/python
Algorithm: DK-MMD
Dataset: cifar10

PCA explained variance ratio:  0.8065923235518607
Distribution oracles provided. Will be using oracles instead of samples.
n:2000	 d: 20
Epsilon: -24.994122
No DK-MMD weights saved. Training...
error_var!!tensor(0.0039, device='cuda:0', grad_fn=<DivBackward0>)
error_var!!tensor(0.0039, device='cuda:0', grad_fn=<DivBackward0>)
error_var!!tensor(0.0039, device='cuda:0', grad_fn=<DivBackward0>)
error_var!!tensor(0.0039, device='cuda:0', grad_fn=<DivBackward0>)
error_var!!tensor(0.0039, device='cuda:0', grad_fn=<DivBackward0>)
error_var!!tensor(0.0039, device='cuda:0', grad_fn=<DivBackward0>)
error_var!!tensor(0.0039, device='cuda:0', grad_fn=<DivBackward0>)
error_var!!tensor(0.0039, device='cuda:0', grad_fn=<DivBackward0>)
mmd:  8.188269617903643e-09 mmd_std:  0.00013210064207669348 Statistic:  6.198508344823495e-05
error_var!!tensor(0.0039, device='cuda:0', grad_fn=<DivBackward0>)
error_var!!tensor(0.0039, device='cuda:0', grad_fn=<DivBackward0>)
error_var!!tensor(0.0039, device='cuda:0', grad_fn=<DivBackward0>)
error_var!!tensor(0.0039, device='cuda:0', grad_fn=<DivBackward0>)
error_var!!tensor(0.0039, device='cuda:0', grad_fn=<DivBackward0>)
error_var!!tensor(0.0039, device='cuda:0', grad_fn=<DivBackward0>)
error_var!!tensor(0.0039, device='cuda:0', grad_fn=<DivBackward0>)
error_var!!tensor(0.0039, device='cuda:0', grad_fn=<DivBackward0>)
error_var!!tensor(0.0039, device='cuda:0', grad_fn=<DivBackward0>)
error_var!!tensor(0.0156, device='cuda:0', grad_fn=<DivBackward0>)
error_var!!tensor(0.0039, device='cuda:0', grad_fn=<DivBackward0>)
error_var!!tensor(0.0156, device='cuda:0', grad_fn=<DivBackward0>)
error_var!!tensor(0.0156, device='cuda:0', grad_fn=<DivBackward0>)
error_var!!tensor(0.0156, device='cuda:0', grad_fn=<DivBackward0>)
mmd:  0.002549414522945881 mmd_std:  0.0069747683592140675 Statistic:  0.36551958322525024
mmd:  0.004239771515130997 mmd_std:  0.010083680972456932 Statistic:  0.42045870423316956
mmd:  -0.0048361727967858315 mmd_std:  0.01932615227997303 Statistic:  -0.2502398192882538
mmd:  0.0025562234222888947 mmd_std:  0.011002369225025177 Statistic:  0.23233391344547272
Done training!
No checkpoint found, starting fresh instance.
Running permutation tests for mmd
