/h/opent03/.conda/envs/dis/bin/python
Write TPRs?  True
Algorithm: DK-MMD
Dataset: cifar10

PCA explained variance ratio:  0.9999999999999997
n:1000	 d: 20
Epsilon: -23.232924
No DK-MMD weights saved. Training...
mmd:  -0.01133017148822546 mmd_std:  0.03268811106681824 Statistic:  -0.34661445021629333
mmd:  0.0041212341748178005 mmd_std:  0.012607370503246784 Statistic:  0.32689085602760315
mmd:  0.007552527356892824 mmd_std:  0.02294554002583027 Statistic:  0.32915011048316956
mmd:  4.983707526662329e-07 mmd_std:  0.000263826921582222 Statistic:  0.0018890064675360918
mmd:  -0.0015327732544392347 mmd_std:  0.004292765632271767 Statistic:  -0.35705962777137756
Done training!
No checkpoint found, starting fresh instance.
Running permutation tests for mmd
/h/opent03/.conda/envs/dis/bin/python
Write TPRs?  True
Algorithm: DK-MMD
Dataset: cifar10

PCA explained variance ratio:  0.9999999999999997
n:1000	 d: 20
Epsilon: -23.310623
No DK-MMD weights saved. Training...
mmd:  -0.0026963287964463234 mmd_std:  0.006780861411243677 Statistic:  -0.39763808250427246
mmd:  0.05014747381210327 mmd_std:  0.13110968470573425 Statistic:  0.38248488306999207
mmd:  0.003757907310500741 mmd_std:  0.013041926547884941 Statistic:  0.28814050555229187
mmd:  -0.009717145003378391 mmd_std:  0.035363681614398956 Statistic:  -0.27477753162384033
