/h/opent03/.conda/envs/dis/bin/python
Algorithm: DK-MMD
Dataset: camelyon17

Distribution oracles provided. Will be using oracles instead of samples.
n:2000	 d: 20
Epsilon: -25.253714
No DK-MMD weights saved. Training...
mmd:  0.0377935953438282 mmd_std:  0.08501696586608887 Statistic:  0.4445418119430542
mmd:  0.09670176357030869 mmd_std:  0.1629427671432495 Statistic:  0.5934707522392273
mmd:  0.08699654042720795 mmd_std:  0.09071677923202515 Statistic:  0.9589906334877014
mmd:  0.060405321419239044 mmd_std:  0.14004330337047577 Statistic:  0.43133315443992615
mmd:  0.14877723157405853 mmd_std:  0.11180992424488068 Statistic:  1.330626368522644
Done training!
/h/opent03/.conda/envs/dis/bin/python
Algorithm: DK-MMD
Dataset: camelyon17

Distribution oracles provided. Will be using oracles instead of samples.
n:2000	 d: 20
Epsilon: -23.310919
No DK-MMD weights saved. Training...
mmd:  0.05868695676326752 mmd_std:  0.11412632465362549 Statistic:  0.5142280459403992
mmd:  0.05530708655714989 mmd_std:  0.1181740015745163 Statistic:  0.4680140018463135
mmd:  0.13784781098365784 mmd_std:  0.129682257771492 Statistic:  1.0629658699035645
mmd:  0.0906452015042305 mmd_std:  0.07161301374435425 Statistic:  1.2657643556594849
mmd:  0.11057057976722717 mmd_std:  0.10940521955490112 Statistic:  1.0106518268585205
Done training!
No checkpoint found, starting fresh instance.
Running permutation tests for mmd
