/h/opent03/.conda/envs/dis/bin/python
Algorithm: DK-MMD
Dataset: cifar10

PCA explained variance ratio:  0.8065923235518608
Distribution oracles provided. Will be using oracles instead of samples.
n:2000	 d: 20
Epsilon: -23.746584
No DK-MMD weights saved. Training...
mmd:  3.35186232405249e-05 mmd_std:  0.0002906988374888897 Statistic:  0.11530360579490662
error_var!!tensor(0.0039, device='cuda:0', grad_fn=<DivBackward0>)
error_var!!tensor(0.0039, device='cuda:0', grad_fn=<DivBackward0>)
error_var!!tensor(0.0039, device='cuda:0', grad_fn=<DivBackward0>)
error_var!!tensor(0.0156, device='cuda:0', grad_fn=<DivBackward0>)
mmd:  -0.00011650966189336032 mmd_std:  0.002983666956424713 Statistic:  -0.03904915228486061
mmd:  1.1164916031702887e-05 mmd_std:  0.0050521790981292725 Statistic:  0.0022099209018051624
mmd:  0.0001503957319073379 mmd_std:  0.002765293000265956 Statistic:  0.05438690632581711
mmd:  0.00450465502217412 mmd_std:  0.010377176105976105 Statistic:  0.43409258127212524
Done training!
No checkpoint found, starting fresh instance.
Running permutation tests for mmd
