/h/opent03/.conda/envs/dis/bin/python
Write TPRs?  True
Algorithm: DK-MMD
Dataset: cifar10

PCA explained variance ratio:  0.9999999999999997
n:1000	 d: 20
Epsilon: -23.409624
No DK-MMD weights saved. Training...
mmd:  0.000515718711540103 mmd_std:  0.0062180073000490665 Statistic:  0.08293955028057098
mmd:  0.005192738026380539 mmd_std:  0.014300823211669922 Statistic:  0.3631076216697693
mmd:  0.002196003682911396 mmd_std:  0.01068702433258295 Statistic:  0.20548316836357117
mmd:  0.024747708812355995 mmd_std:  0.05927575007081032 Statistic:  0.41750138998031616
mmd:  -9.047147386809229e-07 mmd_std:  9.999999747378752e-05 Statistic:  -0.009047147817909718
Done training!
No checkpoint found, starting fresh instance.
Running permutation tests for mmd
/h/opent03/.conda/envs/dis/bin/python
Write TPRs?  True
Algorithm: DK-MMD
Dataset: cifar10

PCA explained variance ratio:  0.9999999999999997
n:1000	 d: 20
Epsilon: -23.658558
No DK-MMD weights saved. Training...
mmd:  0.00717581482604146 mmd_std:  0.01555746328085661 Statistic:  0.4612458050251007
mmd:  0.008688556961715221 mmd_std:  0.05346549674868584 Statistic:  0.16250774264335632
mmd:  0.012355548329651356 mmd_std:  0.0421297661960125 Statistic:  0.29327359795570374
mmd:  -0.0008523392025381327 mmd_std:  0.016661444678902626 Statistic:  -0.05115637928247452
mmd:  -0.005629890598356724 mmd_std:  0.02041301503777504 Statistic:  -0.27579906582832336
Done training!
No checkpoint found, starting fresh instance.
Running permutation tests for mmd
