/h/opent03/.conda/envs/dis/bin/python
Algorithm: DK-MMD
Dataset: camelyon17

Distribution oracles provided. Will be using oracles instead of samples.
n:2000	 d: 20
Epsilon: -24.402990
No DK-MMD weights saved. Training...
mmd:  0.05413633957505226 mmd_std:  0.09014470875263214 Statistic:  0.6005492806434631
mmd:  0.15974439680576324 mmd_std:  0.14896133542060852 Statistic:  1.0723882913589478
mmd:  0.0584980733692646 mmd_std:  0.0955163910984993 Statistic:  0.6124401688575745
mmd:  0.09501832723617554 mmd_std:  0.13301445543766022 Statistic:  0.7143458724021912
mmd:  0.16588079929351807 mmd_std:  0.20398254692554474 Statistic:  0.8132107257843018
Done training!
/h/opent03/.conda/envs/dis/bin/python
Algorithm: DK-MMD
Dataset: camelyon17

Distribution oracles provided. Will be using oracles instead of samples.
n:2000	 d: 20
Epsilon: -25.815895
No DK-MMD weights saved. Training...
mmd:  0.02051710896193981 mmd_std:  0.08921925723552704 Statistic:  0.2299627810716629
mmd:  0.08072248101234436 mmd_std:  0.12388896197080612 Statistic:  0.6515712141990662
mmd:  0.1055542454123497 mmd_std:  0.08904840797185898 Statistic:  1.1853580474853516
mmd:  0.18928255140781403 mmd_std:  0.17509379982948303 Statistic:  1.0810351371765137
mmd:  0.09376949071884155 mmd_std:  0.13634732365608215 Statistic:  0.6877251863479614
Done training!
No checkpoint found, starting fresh instance.
Running permutation tests for mmd
