/h/opent03/.conda/envs/dis/bin/python
Write TPRs?  True
Algorithm: DK-MMD
Dataset: cifar10

PCA explained variance ratio:  0.9999999999999997
n:1000	 d: 20
Epsilon: -23.978600
No DK-MMD weights saved. Training...
mmd:  0.01163636427372694 mmd_std:  0.03871509060263634 Statistic:  0.3005640506744385
mmd:  -0.0005768246483057737 mmd_std:  0.0017119075637310743 Statistic:  -0.3369484841823578
mmd:  0.000544366252142936 mmd_std:  0.0026651364751160145 Statistic:  0.20425455272197723
mmd:  -0.0001378307497361675 mmd_std:  0.0005812276504002512 Statistic:  -0.23713728785514832
mmd:  0.0024367005098611116 mmd_std:  0.00741588044911623 Statistic:  0.3285787105560303
Done training!
No checkpoint found, starting fresh instance.
Running permutation tests for mmd
/h/opent03/.conda/envs/dis/bin/python
Write TPRs?  True
Algorithm: DK-MMD
Dataset: cifar10

PCA explained variance ratio:  0.9999999999999997
n:1000	 d: 20
Epsilon: -24.122791
No DK-MMD weights saved. Training...
mmd:  0.0024509078357368708 mmd_std:  0.007243071682751179 Statistic:  0.3383796215057373
mmd:  -0.014280910603702068 mmd_std:  0.03949567303061485 Statistic:  -0.3615816533565521
mmd:  0.005809637252241373 mmd_std:  0.01999073103070259 Statistic:  0.29061654210090637
mmd:  -0.010857987217605114 mmd_std:  0.030621325597167015 Statistic:  -0.3545890748500824
mmd:  0.002977391704916954 mmd_std:  0.009950543753802776 Statistic:  0.2992189824581146
Done training!
No checkpoint found, starting fresh instance.
Running permutation tests for mmd
