/h/opent03/.conda/envs/dis/bin/python
Algorithm: DK-MMD
Dataset: camelyon17

Distribution oracles provided. Will be using oracles instead of samples.
n:2000	 d: 20
Epsilon: -23.731043
No DK-MMD weights saved. Training...
mmd:  0.04205748438835144 mmd_std:  0.09770531207323074 Statistic:  0.4304523766040802
mmd:  0.06278727203607559 mmd_std:  0.08221158385276794 Statistic:  0.7637277841567993
mmd:  0.1466740518808365 mmd_std:  0.15882058441638947 Statistic:  0.9235203862190247
mmd:  0.17197494208812714 mmd_std:  0.09073862433433533 Statistic:  1.8952782154083252
mmd:  0.09242583066225052 mmd_std:  0.08586174994707108 Statistic:  1.0764493942260742
Done training!
/h/opent03/.conda/envs/dis/bin/python
Algorithm: DK-MMD
Dataset: camelyon17

Distribution oracles provided. Will be using oracles instead of samples.
n:2000	 d: 20
Epsilon: -25.333290
No DK-MMD weights saved. Training...
mmd:  0.05088995024561882 mmd_std:  0.09821785241365433 Statistic:  0.5181334018707275
mmd:  0.08729417622089386 mmd_std:  0.09222601354122162 Statistic:  0.946524441242218
mmd:  0.11024373769760132 mmd_std:  0.11933012306690216 Statistic:  0.9238550662994385
mmd:  0.1222817674279213 mmd_std:  0.1432698667049408 Statistic:  0.8535065054893494
mmd:  0.13569554686546326 mmd_std:  0.10545693337917328 Statistic:  1.2867389917373657
Done training!
No checkpoint found, starting fresh instance.
Running permutation tests for mmd
