/h/opent03/.conda/envs/dis/bin/python
Algorithm: DK-MMD
Dataset: cifar10

PCA explained variance ratio:  0.806592323551861
Distribution oracles provided. Will be using oracles instead of samples.
n:2000	 d: 20
Epsilon: -23.147047
No DK-MMD weights saved. Training...
mmd:  0.0005406891577877104 mmd_std:  0.0027012345381081104 Statistic:  0.20016372203826904
error_var!!tensor(0.0039, device='cuda:0', grad_fn=<DivBackward0>)
error_var!!tensor(0.0156, device='cuda:0', grad_fn=<DivBackward0>)
mmd:  -0.0009471951052546501 mmd_std:  0.009623385034501553 Statistic:  -0.09842639416456223
mmd:  7.516257755924016e-05 mmd_std:  0.0049444823525846004 Statistic:  0.01520130317658186
mmd:  0.0015533117111772299 mmd_std:  0.0038663179147988558 Statistic:  0.40175479650497437
mmd:  0.0006904724286869168 mmd_std:  0.011072908528149128 Statistic:  0.062356915324926376
Done training!
No checkpoint found, starting fresh instance.
Running permutation tests for mmd
/h/opent03/.conda/envs/dis/bin/python
Algorithm: DK-MMD
Dataset: cifar10

PCA explained variance ratio:  0.806592323551861
n:2000	 d: 20
Epsilon: -23.170233
No DK-MMD weights saved. Training...
error_var!!tensor(0.0039, device='cuda:0', grad_fn=<DivBackward0>)
mmd:  -0.000480575516121462 mmd_std:  0.002122834324836731 Statistic:  -0.22638389468193054
error_var!!tensor(0.0156, device='cuda:0', grad_fn=<DivBackward0>)
error_var!!tensor(0.0039, device='cuda:0', grad_fn=<DivBackward0>)
mmd:  0.00023566906747873873 mmd_std:  0.007341158110648394 Statistic:  0.03210243582725525
mmd:  0.001038011978380382 mmd_std:  0.003131694858893752 Statistic:  0.33145374059677124
mmd:  -0.0003719969536177814 mmd_std:  0.0048486217856407166 Statistic:  -0.07672220468521118
mmd:  -0.0014800073113292456 mmd_std:  0.00535639887675643 Statistic:  -0.2763063907623291
Done training!
No checkpoint found, starting fresh instance.
Running permutation tests for mmd
/h/opent03/.conda/envs/dis/bin/python
Algorithm: DK-MMD
Dataset: cifar10

PCA explained variance ratio:  0.8065923235518607
n:1000	 d: 20
Epsilon: -24.800570
No DK-MMD weights saved. Training...
mmd:  1.802989828547652e-07 mmd_std:  0.00015780102694407105 Statistic:  0.0011425716802477837
mmd:  -0.0009031118243001401 mmd_std:  0.0029007333796471357 Statistic:  -0.3113391399383545
mmd:  8.741011697566137e-05 mmd_std:  0.0001995052007259801 Statistic:  0.4381345212459564
mmd:  0.001317174406722188 mmd_std:  0.0038730567321181297 Statistic:  0.34008651971817017
mmd:  2.1135145289008506e-05 mmd_std:  0.000263826921582222 Statistic:  0.08010988682508469
Done training!
No checkpoint found, starting fresh instance.
Running permutation tests for mmd
