/h/opent03/.conda/envs/dis/bin/python
Write TPRs?  True
Algorithm: DK-MMD
Dataset: cifar10

PCA explained variance ratio:  0.9999999999999997
n:1000	 d: 20
Epsilon: -24.660990
No DK-MMD weights saved. Training...
mmd:  0.008092796429991722 mmd_std:  0.024347037076950073 Statistic:  0.33239346742630005
mmd:  -0.0021956053096801043 mmd_std:  0.004971531685441732 Statistic:  -0.4416355788707733
mmd:  0.00021319150982890278 mmd_std:  0.0006760435062460601 Statistic:  0.3153517544269562
mmd:  1.7387244952260517e-05 mmd_std:  0.0001995052007259801 Statistic:  0.08715184032917023
mmd:  3.1648687581764534e-07 mmd_std:  0.000263826921582222 Statistic:  0.0011996004031971097
Done training!
No checkpoint found, starting fresh instance.
Running permutation tests for mmd
/h/opent03/.conda/envs/dis/bin/python
Write TPRs?  True
Algorithm: DK-MMD
Dataset: cifar10

PCA explained variance ratio:  0.9999999999999997
n:1000	 d: 20
Epsilon: -23.927046
No DK-MMD weights saved. Training...
mmd:  0.0056334747932851315 mmd_std:  0.009065043181180954 Statistic:  0.6214504241943359
mmd:  -0.008513448759913445 mmd_std:  0.053808875381946564 Statistic:  -0.1582164466381073
mmd:  -0.010513044893741608 mmd_std:  0.03532616049051285 Statistic:  -0.2975994348526001
mmd:  -0.004823108669370413 mmd_std:  0.009924301877617836 Statistic:  -0.4859897196292877
mmd:  0.001389615936204791 mmd_std:  0.05017174035310745 Statistic:  0.027697185054421425
