/h/opent03/.conda/envs/dis/bin/python
Algorithm: DK-MMD
Dataset: camelyon17

Distribution oracles provided. Will be using oracles instead of samples.
n:2000	 d: 20
Epsilon: -24.445557
No DK-MMD weights saved. Training...
mmd:  0.020459650084376335 mmd_std:  0.06212199851870537 Statistic:  0.32934629917144775
mmd:  0.05663634091615677 mmd_std:  0.07035239785909653 Statistic:  0.805037796497345
mmd:  0.20633304119110107 mmd_std:  0.19877472519874573 Statistic:  1.0380245447158813
mmd:  0.11071199178695679 mmd_std:  0.1325817108154297 Statistic:  0.8350472450256348
mmd:  0.16906453669071198 mmd_std:  0.19083118438720703 Statistic:  0.8859376907348633
Done training!
/h/opent03/.conda/envs/dis/bin/python
Algorithm: DK-MMD
Dataset: camelyon17

Distribution oracles provided. Will be using oracles instead of samples.
n:2000	 d: 20
Epsilon: -24.313665
No DK-MMD weights saved. Training...
mmd:  0.040208883583545685 mmd_std:  0.05883955955505371 Statistic:  0.6833648085594177
mmd:  0.06724093854427338 mmd_std:  0.14996428787708282 Statistic:  0.44837966561317444
mmd:  0.10159498453140259 mmd_std:  0.18739350140094757 Statistic:  0.5421478748321533
mmd:  0.12258877605199814 mmd_std:  0.14924894273281097 Statistic:  0.8213711380958557
mmd:  0.07114417105913162 mmd_std:  0.08592342585325241 Statistic:  0.8279950618743896
Done training!
No checkpoint found, starting fresh instance.
Running permutation tests for mmd
